<?xml version="1.0" encoding="UTF-8"?>
<!-- Generated by org.testng.reporters.JUnitReportReporter -->
<testsuite hostname="ML-J5P86S2" name="Basics3" tests="1" failures="0" timestamp="13 Apr 2019 20:35:18 GMT" time="1.734" errors="0">
  <testcase name="TestPostDelete" time="1.734" classname="Basics3"/>
</testsuite> <!-- Basics3 -->
