<?xml version="1.0" encoding="UTF-8"?>
<!-- Generated by org.testng.reporters.JUnitReportReporter -->
<testsuite hostname="ML-J5P86S2" name="Basics5" tests="1" failures="0" timestamp="13 Apr 2019 22:08:13 GMT" time="2.483" errors="0">
  <testcase name="Test" time="2.483" classname="Basics5"/>
</testsuite> <!-- Basics5 -->
