<?xml version="1.0" encoding="UTF-8"?>
<!-- Generated by org.testng.reporters.JUnitReportReporter -->
<testsuite hostname="ML-J5P86S2" name="com.rest.practise.GetLibrarySettings" tests="1" failures="0" timestamp="16 May 2021 17:49:21 GMT" time="6.310" errors="0">
  <testcase name="getSettings" time="6.310" classname="com.rest.practise.GetLibrarySettings"/>
</testsuite> <!-- com.rest.practise.GetLibrarySettings -->
