<?xml version="1.0" encoding="UTF-8"?>
<!-- Generated by org.testng.reporters.JUnitReportReporter -->
<testsuite hostname="ML-J5P86S2" name="Basics2" tests="1" failures="0" timestamp="13 Apr 2019 19:55:07 GMT" time="1.484" errors="0">
  <testcase name="TestPost" time="1.484" classname="Basics2"/>
</testsuite> <!-- Basics2 -->
