<?xml version="1.0" encoding="UTF-8"?>
<!-- Generated by org.testng.reporters.JUnitReportReporter -->
<testsuite hostname="ML-J5P86S2" name="EncodedString" tests="1" failures="0" timestamp="14 Apr 2019 01:14:00 GMT" time="2.156" errors="0">
  <testcase name="TestPost" time="2.156" classname="EncodedString"/>
</testsuite> <!-- EncodedString -->
