<?xml version="1.0" encoding="UTF-8"?>
<!-- Generated by org.testng.reporters.JUnitReportReporter -->
<testsuite hostname="ML-J5P86S2" name="GetLicenseInfor" tests="3" failures="0" timestamp="15 Apr 2019 11:44:36 GMT" time="7.702" errors="0">
  <testcase name="Test" time="1.678" classname="GetLicenseInfor"/>
  <testcase name="Test" time="4.405" classname="GetLicenseInfor"/>
  <testcase name="Test" time="1.619" classname="GetLicenseInfor"/>
</testsuite> <!-- GetLicenseInfor -->
