<?xml version="1.0" encoding="UTF-8"?>
<!-- Generated by org.testng.reporters.JUnitReportReporter -->
<testsuite hostname="ML-J5P86S2" name="GetLicenseInforTest" tests="3" failures="0" timestamp="29 Apr 2019 15:25:02 GMT" time="15.367" errors="0">
  <testcase name="testGetLicenseInfor_AllValidParamters" time="1.515" classname="GetLicenseInforTest"/>
  <testcase name="testGetLicenseInfor_AllValidParamters" time="8.617" classname="GetLicenseInforTest"/>
  <testcase name="testGetLicenseInfor_AllValidParamters" time="5.235" classname="GetLicenseInforTest"/>
</testsuite> <!-- GetLicenseInforTest -->
