<?xml version="1.0" encoding="UTF-8"?>
<!-- Generated by org.testng.reporters.JUnitReportReporter -->
<testsuite hostname="ML-J5P86S2" name="GetAllInventoryLibrary" tests="1" failures="0" timestamp="15 Apr 2019 11:45:47 GMT" time="3.858" errors="0">
  <testcase name="Test" time="3.858" classname="GetAllInventoryLibrary"/>
</testsuite> <!-- GetAllInventoryLibrary -->
