<?xml version="1.0" encoding="UTF-8"?>
<!-- Generated by org.testng.reporters.JUnitReportReporter -->
<testsuite hostname="ML-J5P86S2" name="com.rest.practise.TokenAPI" tests="1" failures="0" timestamp="17 May 2021 05:26:09 GMT" time="4.658" errors="0">
  <testcase name="GetAccestoken" time="4.658" classname="com.rest.practise.TokenAPI"/>
</testsuite> <!-- com.rest.practise.TokenAPI -->
