<?xml version="1.0" encoding="UTF-8"?>
<!-- Generated by org.testng.reporters.JUnitReportReporter -->
<testsuite hostname="ML-J5P86S2" name="DataFromStaticJson" tests="1" failures="0" timestamp="14 Apr 2019 00:23:31 GMT" time="1.975" errors="0">
  <testcase name="TestPost" time="1.975" classname="DataFromStaticJson"/>
</testsuite> <!-- DataFromStaticJson -->
