<?xml version="1.0" encoding="UTF-8"?>
<!-- Generated by org.testng.reporters.JUnitReportReporter -->
<testsuite hostname="ML-J5P86S2" name="AccessToken" tests="1" failures="0" timestamp="14 Apr 2019 01:24:25 GMT" time="2.527" errors="0">
  <testcase name="TestPost" time="2.527" classname="AccessToken"/>
</testsuite> <!-- AccessToken -->
