<?xml version="1.0" encoding="UTF-8"?>
<!-- Generated by org.testng.reporters.JUnitReportReporter -->
<testsuite hostname="ML-J5P86S2" name="com.rest.practise.SearchAPI" tests="1" failures="0" timestamp="17 May 2021 10:29:51 GMT" time="6.114" errors="0">
  <testcase name="doSearch" time="6.114" classname="com.rest.practise.SearchAPI"/>
</testsuite> <!-- com.rest.practise.SearchAPI -->
