<?xml version="1.0" encoding="UTF-8"?>
<!-- Generated by org.testng.reporters.JUnitReportReporter -->
<testsuite hostname="ML-J5P86S2" name="ExcelDriven" tests="2" failures="0" timestamp="14 Apr 2019 00:08:38 GMT" time="2.466" errors="0">
  <testcase name="TestPost" time="2.019" classname="ExcelDriven"/>
  <testcase name="TestPost" time="0.447" classname="ExcelDriven"/>
</testsuite> <!-- ExcelDriven -->
