<?xml version="1.0" encoding="UTF-8"?>
<!-- Generated by org.testng.reporters.JUnitReportReporter -->
<testsuite hostname="ML-J5P86S2" name="files.EncodedString" tests="1" failures="0" timestamp="14 Apr 2019 01:18:31 GMT" time="2.131" errors="0">
  <testcase name="TestPost" time="2.131" classname="files.EncodedString"/>
</testsuite> <!-- files.EncodedString -->
