<?xml version="1.0" encoding="UTF-8"?>
<!-- Generated by org.testng.reporters.JUnitReportReporter -->
<testsuite hostname="ML-J5P86S2" name="AccessToken" tests="1" failures="0" timestamp="16 May 2021 06:49:28 GMT" time="3.891" errors="0">
  <testcase name="GetAccestoken" time="3.891" classname="AccessToken"/>
</testsuite> <!-- AccessToken -->
