<?xml version="1.0" encoding="UTF-8"?>
<!-- Generated by org.testng.reporters.JUnitReportReporter -->
<testsuite hostname="ML-J5P86S2" name="Basics" tests="1" failures="0" timestamp="13 Apr 2019 19:53:40 GMT" time="2.085" errors="0">
  <testcase name="Test" time="2.085" classname="Basics"/>
</testsuite> <!-- Basics -->
