<?xml version="1.0" encoding="UTF-8"?>
<!-- Generated by org.testng.reporters.JUnitReportReporter -->
<testsuite hostname="ML-J5P86S2" name="com.rest.practise.Basics" tests="1" failures="0" timestamp="16 May 2021 07:23:50 GMT" time="4.272" errors="0">
  <testcase name="GetAccestoken" time="4.272" classname="com.rest.practise.Basics"/>
</testsuite> <!-- com.rest.practise.Basics -->
